<?xml version="1.0" encoding="UTF-8"?>
<coverage generated="1646922208745" clover="3.2.0">
  <project timestamp="1646922208746" name="All files">
    <metrics statements="8" coveredstatements="8" conditionals="4" coveredconditionals="4" methods="2" coveredmethods="2" elements="14" coveredelements="14" complexity="0" loc="8" ncloc="8" packages="1" files="2" classes="2"/>
    <file name="addTask.js" path="/media/mehdi/DATA/Module_2/Projects/To-Do-list-projects/toDoList2-test/unit-test/addTask.js">
      <metrics statements="3" coveredstatements="3" conditionals="0" coveredconditionals="0" methods="1" coveredmethods="1"/>
      <line num="1" count="1" type="stmt"/>
      <line num="2" count="2" type="stmt"/>
      <line num="4" count="2" type="stmt"/>
    </file>
    <file name="deleteTask.js" path="/media/mehdi/DATA/Module_2/Projects/To-Do-list-projects/toDoList2-test/unit-test/deleteTask.js">
      <metrics statements="5" coveredstatements="5" conditionals="4" coveredconditionals="4" methods="1" coveredmethods="1"/>
      <line num="1" count="1" type="stmt"/>
      <line num="2" count="3" type="stmt"/>
      <line num="3" count="3" type="cond" truecount="4" falsecount="0"/>
      <line num="4" count="1" type="stmt"/>
      <line num="6" count="3" type="stmt"/>
    </file>
  </project>
</coverage>
