<?xml version="1.0" encoding="UTF-8"?>
<coverage generated="1646919428777" clover="3.2.0">
  <project timestamp="1646919428777" name="All files">
    <metrics statements="3" coveredstatements="3" conditionals="0" coveredconditionals="0" methods="1" coveredmethods="1" elements="4" coveredelements="4" complexity="0" loc="3" ncloc="3" packages="1" files="1" classes="1"/>
    <file name="addTask.js" path="/media/mehdi/DATA/Module_2/Projects/To-Do-list-projects/toDoList2-test/unit-test/addTask.js">
      <metrics statements="3" coveredstatements="3" conditionals="0" coveredconditionals="0" methods="1" coveredmethods="1"/>
      <line num="1" count="2" type="stmt"/>
      <line num="2" count="3" type="stmt"/>
      <line num="4" count="3" type="stmt"/>
    </file>
  </project>
</coverage>
