{"/media/mehdi/DATA/Module_2/Projects/To-Do-list-projects/toDoList2-test/unit-test/addTask.js": {"path":"/media/mehdi/DATA/Module_2/Projects/To-Do-list-projects/toDoList2-test/unit-test/addTask.js","statementMap":{"0":{"start":{"line":1,"column":16},"end":{"line":9,"column":1}},"1":{"start":{"line":2,"column":19},"end":{"line":2,"column":23}},"2":{"start":{"line":4,"column":2},"end":{"line":8,"column":5}}},"fnMap":{"0":{"name":"(anonymous_0)","decl":{"start":{"line":1,"column":16},"end":{"line":1,"column":17}},"loc":{"start":{"line":1,"column":26},"end":{"line":9,"column":1}},"line":1}},"branchMap":{},"s":{"0":2,"1":3,"2":3},"f":{"0":3},"b":{},"_coverageSchema":"1a1c01bbd47fc00a2c39e90264f33305004495a9","hash":"ccb0e64ee160b9082b7be703d105842e26f129f1"}
}
